-------------------------------------------------------------------------------
>Log Session: Saturday, February 8, 2025 at 2:13:27 PM Eastern Standard Time
>System Info: 
  Product Version         = Apache NetBeans IDE 23
  Operating System        = Linux version 6.9.3-76060903-generic running on amd64
  Java; VM; Vendor        = 17.0.14; OpenJDK 64-Bit Server VM 17.0.14+7-Ubuntu-124.04; Ubuntu
  Runtime                 = OpenJDK Runtime Environment 17.0.14+7-Ubuntu-124.04
  Java Home               = /usr/lib/jvm/java-17-openjdk-amd64
  System Locale; Encoding = en_US (nb); UTF-8
  Home Directory          = /home/camren-chraplak
  Current Directory       = /media/Files/WPI/MQP/UGS/Universal-G-Code-Sender-2.1.9/ugs-platform/ugs-platform-plugin-toolchanger
  User Directory          = /media/Files/WPI/MQP/UGS/Universal-G-Code-Sender-2.1.9/ugs-platform/ugs-platform-plugin-toolchanger/target/userdir
  Cache Directory         = /media/Files/WPI/MQP/UGS/Universal-G-Code-Sender-2.1.9/ugs-platform/ugs-platform-plugin-toolchanger/target/userdir/var/cache
  Installation            = /usr/lib/apache-netbeans/nb
                            /usr/lib/apache-netbeans/ergonomics
                            /usr/lib/apache-netbeans/ide
                            /usr/lib/apache-netbeans/extide
                            /usr/lib/apache-netbeans/java
                            /usr/lib/apache-netbeans/apisupport
                            /usr/lib/apache-netbeans/webcommon
                            /usr/lib/apache-netbeans/websvccommon
                            /usr/lib/apache-netbeans/enterprise
                            /usr/lib/apache-netbeans/profiler
                            /usr/lib/apache-netbeans/php
                            /usr/lib/apache-netbeans/harness
                            /usr/lib/apache-netbeans/cpplite
                            /usr/lib/apache-netbeans/groovy
                            /usr/lib/apache-netbeans/javafx
                            /media/Files/WPI/MQP/UGS/Universal-G-Code-Sender-2.1.9/ugs-platform/ugs-platform-plugin-toolchanger/target/netbeans_clusters/ugsplatform
                            /usr/lib/apache-netbeans/platform
  Boot & Ext. Classpath   = 
  Application Classpath   = /usr/lib/apache-netbeans/platform/lib/boot.jar:/usr/lib/apache-netbeans/platform/lib/org-openide-modules.jar:/usr/lib/apache-netbeans/platform/lib/org-openide-util.jar:/usr/lib/apache-netbeans/platform/lib/org-openide-util-lookup.jar:/usr/lib/apache-netbeans/platform/lib/org-openide-util-ui.jar
  Startup Classpath       = /usr/lib/apache-netbeans/platform/core/core.jar:/usr/lib/apache-netbeans/platform/core/org-openide-filesystems-compat8.jar:/usr/lib/apache-netbeans/platform/core/core-base.jar:/usr/lib/apache-netbeans/platform/core/org-netbeans-libs-asm.jar:/usr/lib/apache-netbeans/platform/core/asm-9.7.jar:/usr/lib/apache-netbeans/platform/core/asm-commons-9.7.jar:/usr/lib/apache-netbeans/platform/core/org-openide-filesystems.jar:/usr/lib/apache-netbeans/platform/core/asm-tree-9.7.jar:/usr/lib/apache-netbeans/nb/core/org-netbeans-upgrader.jar:/usr/lib/apache-netbeans/nb/core/locale/core_nb.jar
-------------------------------------------------------------------------------
Warning - could not install some modules:
	com.cchraplak.ugs.platform.plugin.toolchanger - The module named com.willwinder.ugs.platform.ugslib was needed and not found.
	com.cchraplak.ugs.platform.plugin.toolchanger - The module named com.willwinder.ugs.platform.ugscore was needed and not found.
